Using pre-set license
Built from '2021.3/staging' branch; Version is '2021.3.22f1 (b6c551784ba3) revision 11978065'; Using compiler version '192829333'; Build Type 'Release'
OS: 'Windows 10  (10.0.19045) 64bit Core' Language: 'ko' Physical Memory: 16317 MB
BatchMode: 1, IsHumanControllingUs: 0, StartBugReporterOnCrash: 0, Is64bit: 1, IsPro: 1

COMMAND LINE ARGUMENTS:
C:\Program Files (x86)\2021.3.22f1\Editor\Unity.exe
-adb2
-batchMode
-noUpm
-name
AssetImportWorker4
-projectPath
C:/Users/user/Documents/GitHub/2D_UnityPractice/2D_Tutorial
-logFile
Logs/AssetImportWorker4.log
-srvPort
54218
Successfully changed project path to: C:/Users/user/Documents/GitHub/2D_UnityPractice/2D_Tutorial
C:/Users/user/Documents/GitHub/2D_UnityPractice/2D_Tutorial
[UnityMemory] Configuration Parameters - Can be set up in boot.config
    "memorysetup-bucket-allocator-granularity=16"
    "memorysetup-bucket-allocator-bucket-count=8"
    "memorysetup-bucket-allocator-block-size=33554432"
    "memorysetup-bucket-allocator-block-count=8"
    "memorysetup-main-allocator-block-size=16777216"
    "memorysetup-thread-allocator-block-size=16777216"
    "memorysetup-gfx-main-allocator-block-size=16777216"
    "memorysetup-gfx-thread-allocator-block-size=16777216"
    "memorysetup-cache-allocator-block-size=4194304"
    "memorysetup-typetree-allocator-block-size=2097152"
    "memorysetup-profiler-bucket-allocator-granularity=16"
    "memorysetup-profiler-bucket-allocator-bucket-count=8"
    "memorysetup-profiler-bucket-allocator-block-size=33554432"
    "memorysetup-profiler-bucket-allocator-block-count=8"
    "memorysetup-profiler-allocator-block-size=16777216"
    "memorysetup-profiler-editor-allocator-block-size=1048576"
    "memorysetup-temp-allocator-size-main=16777216"
    "memorysetup-job-temp-allocator-block-size=2097152"
    "memorysetup-job-temp-allocator-block-size-background=1048576"
    "memorysetup-job-temp-allocator-reduction-small-platforms=262144"
    "memorysetup-temp-allocator-size-background-worker=32768"
    "memorysetup-temp-allocator-size-job-worker=262144"
    "memorysetup-temp-allocator-size-preload-manager=33554432"
    "memorysetup-temp-allocator-size-nav-mesh-worker=65536"
    "memorysetup-temp-allocator-size-audio-worker=65536"
    "memorysetup-temp-allocator-size-cloud-worker=32768"
    "memorysetup-temp-allocator-size-gi-baking-worker=262144"
    "memorysetup-temp-allocator-size-gfx=262144"
Player connection [8864] Host "[IP] 172.30.1.39 [Port] 0 [Flags] 2 [Guid] 4120672625 [EditorId] 4120672625 [Version] 1048832 [Id] WindowsEditor(7,DESKTOP-EFIMHO8) [Debug] 1 [PackageName] WindowsEditor [ProjectName] Editor" joined multi-casting on [225.0.0.222:54997]...

Player connection [8864] Host "[IP] 172.30.1.39 [Port] 0 [Flags] 2 [Guid] 4120672625 [EditorId] 4120672625 [Version] 1048832 [Id] WindowsEditor(7,DESKTOP-EFIMHO8) [Debug] 1 [PackageName] WindowsEditor [ProjectName] Editor" joined alternative multi-casting on [225.0.0.222:34997]...

Refreshing native plugins compatible for Editor in 122.48 ms, found 4 plugins.
Preloading 0 native plugins for Editor in 0.00 ms.
Initialize engine version: 2021.3.22f1 (b6c551784ba3)
[Subsystems] Discovering subsystems at path C:/Program Files (x86)/2021.3.22f1/Editor/Data/Resources/UnitySubsystems
[Subsystems] Discovering subsystems at path C:/Users/user/Documents/GitHub/2D_UnityPractice/2D_Tutorial/Assets
GfxDevice: creating device client; threaded=0; jobified=0
Direct3D:
    Version:  Direct3D 11.0 [level 11.1]
    Renderer: NVIDIA GeForce RTX 3060 (ID=0x2504)
    Vendor:   NVIDIA
    VRAM:     12129 MB
    Driver:   31.0.15.3598
Initialize mono
Mono path[0] = 'C:/Program Files (x86)/2021.3.22f1/Editor/Data/Managed'
Mono path[1] = 'C:/Program Files (x86)/2021.3.22f1/Editor/Data/MonoBleedingEdge/lib/mono/unityjit-win32'
Mono config path = 'C:/Program Files (x86)/2021.3.22f1/Editor/Data/MonoBleedingEdge/etc'
Using monoOptions --debugger-agent=transport=dt_socket,embedding=1,server=y,suspend=n,address=127.0.0.1:56512
Begin MonoManager ReloadAssembly
Registering precompiled unity dll's ...
Register platform support module: C:/Program Files (x86)/2021.3.22f1/Editor/Data/PlaybackEngines/WebGLSupport/UnityEditor.WebGL.Extensions.dll
Register platform support module: C:/Program Files (x86)/2021.3.22f1/Editor/Data/PlaybackEngines/WindowsStandaloneSupport/UnityEditor.WindowsStandalone.Extensions.dll
Registered in 0.006241 seconds.
Native extension for WindowsStandalone target not found
Native extension for WebGL target not found
Refreshing native plugins compatible for Editor in 103.29 ms, found 4 plugins.
Preloading 0 native plugins for Editor in 0.00 ms.
Mono: successfully reloaded assembly
- Completed reload, in  0.694 seconds
Domain Reload Profiling:
	ReloadAssembly (694ms)
		BeginReloadAssembly (85ms)
			ExecutionOrderSort (0ms)
			DisableScriptedObjects (0ms)
			BackupInstance (0ms)
			ReleaseScriptingObjects (0ms)
			CreateAndSetChildDomain (1ms)
		EndReloadAssembly (504ms)
			LoadAssemblies (83ms)
			RebuildTransferFunctionScriptingTraits (0ms)
			SetupTypeCache (133ms)
			ReleaseScriptCaches (0ms)
			RebuildScriptCaches (30ms)
			SetupLoadedEditorAssemblies (286ms)
				LogAssemblyErrors (0ms)
				InitializePlatformSupportModulesInManaged (9ms)
				SetLoadedEditorAssemblies (0ms)
				RefreshPlugins (103ms)
				BeforeProcessingInitializeOnLoad (1ms)
				ProcessInitializeOnLoadAttributes (127ms)
				ProcessInitializeOnLoadMethodAttributes (45ms)
				AfterProcessingInitializeOnLoad (0ms)
				EditorAssembliesLoaded (0ms)
			ExecutionOrderSort2 (0ms)
			AwakeInstancesAfterBackupRestoration (0ms)
Platform modules already initialized, skipping
Registering precompiled user dll's ...
Registered in 0.007971 seconds.
Begin MonoManager ReloadAssembly
Symbol file LoadedFromMemory doesn't match image C:\Users\user\Documents\GitHub\2D_UnityPractice\2D_Tutorial\Library\PackageCache\com.unity.visualscripting@1.8.0\Editor\VisualScripting.Core\Dependencies\YamlDotNet\Unity.VisualScripting.YamlDotNet.dll
Symbol file LoadedFromMemory doesn't match image C:\Users\user\Documents\GitHub\2D_UnityPractice\2D_Tutorial\Library\PackageCache\com.unity.visualscripting@1.8.0\Editor\VisualScripting.Core\Dependencies\DotNetZip\Unity.VisualScripting.IonicZip.dll
Native extension for WindowsStandalone target not found
Native extension for WebGL target not found
Refreshing native plugins compatible for Editor in 103.13 ms, found 4 plugins.
Preloading 0 native plugins for Editor in 0.00 ms.
Mono: successfully reloaded assembly
- Completed reload, in  1.254 seconds
Domain Reload Profiling:
	ReloadAssembly (1255ms)
		BeginReloadAssembly (146ms)
			ExecutionOrderSort (0ms)
			DisableScriptedObjects (6ms)
			BackupInstance (0ms)
			ReleaseScriptingObjects (0ms)
			CreateAndSetChildDomain (22ms)
		EndReloadAssembly (984ms)
			LoadAssemblies (111ms)
			RebuildTransferFunctionScriptingTraits (0ms)
			SetupTypeCache (257ms)
			ReleaseScriptCaches (1ms)
			RebuildScriptCaches (72ms)
			SetupLoadedEditorAssemblies (512ms)
				LogAssemblyErrors (0ms)
				InitializePlatformSupportModulesInManaged (7ms)
				SetLoadedEditorAssemblies (0ms)
				RefreshPlugins (103ms)
				BeforeProcessingInitializeOnLoad (111ms)
				ProcessInitializeOnLoadAttributes (247ms)
				ProcessInitializeOnLoadMethodAttributes (36ms)
				AfterProcessingInitializeOnLoad (8ms)
				EditorAssembliesLoaded (0ms)
			ExecutionOrderSort2 (0ms)
			AwakeInstancesAfterBackupRestoration (6ms)
Platform modules already initialized, skipping
========================================================================
Worker process is ready to serve import requests
Launched and connected shader compiler UnityShaderCompiler.exe after 0.04 seconds
Refreshing native plugins compatible for Editor in 0.85 ms, found 4 plugins.
Preloading 0 native plugins for Editor in 0.00 ms.
Unloading 3803 Unused Serialized files (Serialized files now loaded: 0)
Unloading 41 unused Assets / (229.2 KB). Loaded Objects now: 4259.
Memory consumption went from 146.9 MB to 146.6 MB.
Total: 3.154200 ms (FindLiveObjects: 0.308900 ms CreateObjectMapping: 0.267400 ms MarkObjects: 2.424500 ms  DeleteObjects: 0.152500 ms)

AssetImportParameters requested are different than current active one (requested -> active):
  custom:video-decoder-ogg-theora: a1e56fd34408186e4bbccfd4996cb3dc -> 
  custom:container-muxer-webm: aa71ff27fc2769a1b78a27578f13a17b -> 
  custom:container-demuxer-webm: 4f35f7cbe854078d1ac9338744f61a02 -> 
  custom:video-encoder-webm-vp8: eb34c28f22e8b96e1ab97ce403110664 -> 
  custom:video-codec-MediaFoundation-h265: 746d11721c4dcdbdad8f713fa42b33f4 -> 
  custom:audio-encoder-webm-vorbis: bf7c407c2cedff20999df2af8eb42d56 -> 
  custom:framework-win-MediaFoundation: 216162199b28c13a410421893ffa2e32 -> 
  custom:container-demuxer-ogg: 62fdf1f143b41e24485cea50d1cbac27 -> 
  custom:video-decoder-webm-vp8: 9c59270c3fd7afecdb556c50c9e8de78 -> 
  custom:audio-decoder-ogg-vorbis: bf7c407c2cedff20999df2af8eb42d56 -> 
========================================================================
Received Import Request.
  Time since last request: 61530.510645 seconds.
  path: Assets/Travis Game Assets/Status Effects/Materials/Debuff_03_Trail_01.mat
  artifactKey: Guid(178dbec7c23c11349843b9492a840333) Importer(815301076,1909f56bfc062723c751e8b465ee728b)
Start importing Assets/Travis Game Assets/Status Effects/Materials/Debuff_03_Trail_01.mat using Guid(178dbec7c23c11349843b9492a840333) Importer(815301076,1909f56bfc062723c751e8b465ee728b)  -> (artifact id: '89db8f77aa317b0380468e33696ac092') in 0.115378 seconds 
========================================================================
Received Import Request.
  Time since last request: 103.636325 seconds.
  path: Assets/Travis Game Assets/Status Effects/Materials/Debuff_03_Trail_01.mat
  artifactKey: Guid(178dbec7c23c11349843b9492a840333) Importer(815301076,1909f56bfc062723c751e8b465ee728b)
Start importing Assets/Travis Game Assets/Status Effects/Materials/Debuff_03_Trail_01.mat using Guid(178dbec7c23c11349843b9492a840333) Importer(815301076,1909f56bfc062723c751e8b465ee728b)  -> (artifact id: 'a9cbf8306dd47834b35ed1b2c4dd07ce') in 0.008054 seconds 
========================================================================
Received Import Request.
  Time since last request: 192.818581 seconds.
  path: Assets/2D RPG/Script/CharacterController.cs
  artifactKey: Guid(b1ab322a2d54ef447bf9b2a8a80dca88) Importer(815301076,1909f56bfc062723c751e8b465ee728b)
Start importing Assets/2D RPG/Script/CharacterController.cs using Guid(b1ab322a2d54ef447bf9b2a8a80dca88) Importer(815301076,1909f56bfc062723c751e8b465ee728b)  -> (artifact id: '54a5590a4965057a4e35913cf4331862') in 0.020854 seconds 
========================================================================
Received Import Request.
  Time since last request: 79.454789 seconds.
  path: Assets/2D RPG/Script/CharacterController.cs
  artifactKey: Guid(b1ab322a2d54ef447bf9b2a8a80dca88) Importer(815301076,1909f56bfc062723c751e8b465ee728b)
Start importing Assets/2D RPG/Script/CharacterController.cs using Guid(b1ab322a2d54ef447bf9b2a8a80dca88) Importer(815301076,1909f56bfc062723c751e8b465ee728b)  -> (artifact id: '72e2ed26c2397b32fcc123ae39ddd365') in 0.002640 seconds 
========================================================================
Received Prepare
Registering precompiled user dll's ...
Registered in 0.008047 seconds.
Begin MonoManager ReloadAssembly
Symbol file LoadedFromMemory doesn't match image C:\Users\user\Documents\GitHub\2D_UnityPractice\2D_Tutorial\Library\PackageCache\com.unity.visualscripting@1.8.0\Editor\VisualScripting.Core\Dependencies\YamlDotNet\Unity.VisualScripting.YamlDotNet.dll
Symbol file LoadedFromMemory doesn't match image C:\Users\user\Documents\GitHub\2D_UnityPractice\2D_Tutorial\Library\PackageCache\com.unity.visualscripting@1.8.0\Editor\VisualScripting.Core\Dependencies\DotNetZip\Unity.VisualScripting.IonicZip.dll
Native extension for WindowsStandalone target not found
Native extension for WebGL target not found
Refreshing native plugins compatible for Editor in 0.78 ms, found 4 plugins.
Preloading 0 native plugins for Editor in 0.00 ms.
Mono: successfully reloaded assembly
- Completed reload, in  1.064 seconds
Domain Reload Profiling:
	ReloadAssembly (1065ms)
		BeginReloadAssembly (167ms)
			ExecutionOrderSort (0ms)
			DisableScriptedObjects (9ms)
			BackupInstance (0ms)
			ReleaseScriptingObjects (0ms)
			CreateAndSetChildDomain (41ms)
		EndReloadAssembly (797ms)
			LoadAssemblies (107ms)
			RebuildTransferFunctionScriptingTraits (0ms)
			SetupTypeCache (261ms)
			ReleaseScriptCaches (2ms)
			RebuildScriptCaches (51ms)
			SetupLoadedEditorAssemblies (344ms)
				LogAssemblyErrors (0ms)
				InitializePlatformSupportModulesInManaged (7ms)
				SetLoadedEditorAssemblies (1ms)
				RefreshPlugins (1ms)
				BeforeProcessingInitializeOnLoad (83ms)
				ProcessInitializeOnLoadAttributes (214ms)
				ProcessInitializeOnLoadMethodAttributes (31ms)
				AfterProcessingInitializeOnLoad (8ms)
				EditorAssembliesLoaded (0ms)
			ExecutionOrderSort2 (0ms)
			AwakeInstancesAfterBackupRestoration (7ms)
Platform modules already initialized, skipping
Refreshing native plugins compatible for Editor in 2.43 ms, found 4 plugins.
Preloading 0 native plugins for Editor in 0.00 ms.
Unloading 3785 Unused Serialized files (Serialized files now loaded: 0)
Unloading 28 unused Assets / (195.8 KB). Loaded Objects now: 4303.
Memory consumption went from 149.6 MB to 149.4 MB.
Total: 3.154700 ms (FindLiveObjects: 0.279200 ms CreateObjectMapping: 0.191600 ms MarkObjects: 2.540400 ms  DeleteObjects: 0.142600 ms)

AssetImportParameters requested are different than current active one (requested -> active):
  custom:video-decoder-ogg-theora: a1e56fd34408186e4bbccfd4996cb3dc -> 
  custom:container-muxer-webm: aa71ff27fc2769a1b78a27578f13a17b -> 
  custom:container-demuxer-webm: 4f35f7cbe854078d1ac9338744f61a02 -> 
  custom:video-encoder-webm-vp8: eb34c28f22e8b96e1ab97ce403110664 -> 
  custom:video-codec-MediaFoundation-h265: 746d11721c4dcdbdad8f713fa42b33f4 -> 
  custom:audio-encoder-webm-vorbis: bf7c407c2cedff20999df2af8eb42d56 -> 
  custom:framework-win-MediaFoundation: 216162199b28c13a410421893ffa2e32 -> 
  custom:container-demuxer-ogg: 62fdf1f143b41e24485cea50d1cbac27 -> 
  custom:video-decoder-webm-vp8: 9c59270c3fd7afecdb556c50c9e8de78 -> 
  custom:audio-decoder-ogg-vorbis: bf7c407c2cedff20999df2af8eb42d56 -> 
========================================================================
Received Prepare
Registering precompiled user dll's ...
Registered in 0.006736 seconds.
Begin MonoManager ReloadAssembly
Symbol file LoadedFromMemory doesn't match image C:\Users\user\Documents\GitHub\2D_UnityPractice\2D_Tutorial\Library\PackageCache\com.unity.visualscripting@1.8.0\Editor\VisualScripting.Core\Dependencies\YamlDotNet\Unity.VisualScripting.YamlDotNet.dll
Symbol file LoadedFromMemory doesn't match image C:\Users\user\Documents\GitHub\2D_UnityPractice\2D_Tutorial\Library\PackageCache\com.unity.visualscripting@1.8.0\Editor\VisualScripting.Core\Dependencies\DotNetZip\Unity.VisualScripting.IonicZip.dll
Native extension for WindowsStandalone target not found
Native extension for WebGL target not found
Refreshing native plugins compatible for Editor in 0.79 ms, found 4 plugins.
Preloading 0 native plugins for Editor in 0.00 ms.
Mono: successfully reloaded assembly
- Completed reload, in  1.232 seconds
Domain Reload Profiling:
	ReloadAssembly (1233ms)
		BeginReloadAssembly (156ms)
			ExecutionOrderSort (0ms)
			DisableScriptedObjects (8ms)
			BackupInstance (0ms)
			ReleaseScriptingObjects (0ms)
			CreateAndSetChildDomain (41ms)
		EndReloadAssembly (958ms)
			LoadAssemblies (107ms)
			RebuildTransferFunctionScriptingTraits (0ms)
			SetupTypeCache (302ms)
			ReleaseScriptCaches (2ms)
			RebuildScriptCaches (60ms)
			SetupLoadedEditorAssemblies (429ms)
				LogAssemblyErrors (0ms)
				InitializePlatformSupportModulesInManaged (10ms)
				SetLoadedEditorAssemblies (1ms)
				RefreshPlugins (1ms)
				BeforeProcessingInitializeOnLoad (98ms)
				ProcessInitializeOnLoadAttributes (267ms)
				ProcessInitializeOnLoadMethodAttributes (41ms)
				AfterProcessingInitializeOnLoad (11ms)
				EditorAssembliesLoaded (0ms)
			ExecutionOrderSort2 (0ms)
			AwakeInstancesAfterBackupRestoration (10ms)
Platform modules already initialized, skipping
Refreshing native plugins compatible for Editor in 2.62 ms, found 4 plugins.
Preloading 0 native plugins for Editor in 0.00 ms.
Unloading 3785 Unused Serialized files (Serialized files now loaded: 0)
Unloading 28 unused Assets / (195.5 KB). Loaded Objects now: 4306.
Memory consumption went from 149.6 MB to 149.4 MB.
Total: 3.054700 ms (FindLiveObjects: 0.287100 ms CreateObjectMapping: 0.204900 ms MarkObjects: 2.399000 ms  DeleteObjects: 0.162800 ms)

AssetImportParameters requested are different than current active one (requested -> active):
  custom:video-decoder-ogg-theora: a1e56fd34408186e4bbccfd4996cb3dc -> 
  custom:container-muxer-webm: aa71ff27fc2769a1b78a27578f13a17b -> 
  custom:container-demuxer-webm: 4f35f7cbe854078d1ac9338744f61a02 -> 
  custom:video-encoder-webm-vp8: eb34c28f22e8b96e1ab97ce403110664 -> 
  custom:video-codec-MediaFoundation-h265: 746d11721c4dcdbdad8f713fa42b33f4 -> 
  custom:audio-encoder-webm-vorbis: bf7c407c2cedff20999df2af8eb42d56 -> 
  custom:framework-win-MediaFoundation: 216162199b28c13a410421893ffa2e32 -> 
  custom:container-demuxer-ogg: 62fdf1f143b41e24485cea50d1cbac27 -> 
  custom:video-decoder-webm-vp8: 9c59270c3fd7afecdb556c50c9e8de78 -> 
  custom:audio-decoder-ogg-vorbis: bf7c407c2cedff20999df2af8eb42d56 -> 
========================================================================
Received Prepare
Registering precompiled user dll's ...
Registered in 0.008242 seconds.
Begin MonoManager ReloadAssembly
Symbol file LoadedFromMemory doesn't match image C:\Users\user\Documents\GitHub\2D_UnityPractice\2D_Tutorial\Library\PackageCache\com.unity.visualscripting@1.8.0\Editor\VisualScripting.Core\Dependencies\YamlDotNet\Unity.VisualScripting.YamlDotNet.dll
Symbol file LoadedFromMemory doesn't match image C:\Users\user\Documents\GitHub\2D_UnityPractice\2D_Tutorial\Library\PackageCache\com.unity.visualscripting@1.8.0\Editor\VisualScripting.Core\Dependencies\DotNetZip\Unity.VisualScripting.IonicZip.dll
Native extension for WindowsStandalone target not found
Native extension for WebGL target not found
Refreshing native plugins compatible for Editor in 0.85 ms, found 4 plugins.
Preloading 0 native plugins for Editor in 0.00 ms.
Mono: successfully reloaded assembly
- Completed reload, in  1.108 seconds
Domain Reload Profiling:
	ReloadAssembly (1108ms)
		BeginReloadAssembly (147ms)
			ExecutionOrderSort (0ms)
			DisableScriptedObjects (8ms)
			BackupInstance (0ms)
			ReleaseScriptingObjects (0ms)
			CreateAndSetChildDomain (37ms)
		EndReloadAssembly (866ms)
			LoadAssemblies (101ms)
			RebuildTransferFunctionScriptingTraits (0ms)
			SetupTypeCache (272ms)
			ReleaseScriptCaches (1ms)
			RebuildScriptCaches (58ms)
			SetupLoadedEditorAssemblies (382ms)
				LogAssemblyErrors (0ms)
				InitializePlatformSupportModulesInManaged (8ms)
				SetLoadedEditorAssemblies (1ms)
				RefreshPlugins (1ms)
				BeforeProcessingInitializeOnLoad (92ms)
				ProcessInitializeOnLoadAttributes (234ms)
				ProcessInitializeOnLoadMethodAttributes (37ms)
				AfterProcessingInitializeOnLoad (10ms)
				EditorAssembliesLoaded (0ms)
			ExecutionOrderSort2 (0ms)
			AwakeInstancesAfterBackupRestoration (7ms)
Platform modules already initialized, skipping
Refreshing native plugins compatible for Editor in 3.12 ms, found 4 plugins.
Preloading 0 native plugins for Editor in 0.00 ms.
Unloading 3785 Unused Serialized files (Serialized files now loaded: 0)
Unloading 28 unused Assets / (195.7 KB). Loaded Objects now: 4309.
Memory consumption went from 149.6 MB to 149.4 MB.
Total: 3.088200 ms (FindLiveObjects: 0.286400 ms CreateObjectMapping: 0.206700 ms MarkObjects: 2.450600 ms  DeleteObjects: 0.143700 ms)

AssetImportParameters requested are different than current active one (requested -> active):
  custom:video-decoder-ogg-theora: a1e56fd34408186e4bbccfd4996cb3dc -> 
  custom:container-muxer-webm: aa71ff27fc2769a1b78a27578f13a17b -> 
  custom:container-demuxer-webm: 4f35f7cbe854078d1ac9338744f61a02 -> 
  custom:video-encoder-webm-vp8: eb34c28f22e8b96e1ab97ce403110664 -> 
  custom:video-codec-MediaFoundation-h265: 746d11721c4dcdbdad8f713fa42b33f4 -> 
  custom:audio-encoder-webm-vorbis: bf7c407c2cedff20999df2af8eb42d56 -> 
  custom:framework-win-MediaFoundation: 216162199b28c13a410421893ffa2e32 -> 
  custom:container-demuxer-ogg: 62fdf1f143b41e24485cea50d1cbac27 -> 
  custom:video-decoder-webm-vp8: 9c59270c3fd7afecdb556c50c9e8de78 -> 
  custom:audio-decoder-ogg-vorbis: bf7c407c2cedff20999df2af8eb42d56 -> 
========================================================================
Received Prepare
Registering precompiled user dll's ...
Registered in 0.008515 seconds.
Begin MonoManager ReloadAssembly
Symbol file LoadedFromMemory doesn't match image C:\Users\user\Documents\GitHub\2D_UnityPractice\2D_Tutorial\Library\PackageCache\com.unity.visualscripting@1.8.0\Editor\VisualScripting.Core\Dependencies\YamlDotNet\Unity.VisualScripting.YamlDotNet.dll
Symbol file LoadedFromMemory doesn't match image C:\Users\user\Documents\GitHub\2D_UnityPractice\2D_Tutorial\Library\PackageCache\com.unity.visualscripting@1.8.0\Editor\VisualScripting.Core\Dependencies\DotNetZip\Unity.VisualScripting.IonicZip.dll
Native extension for WindowsStandalone target not found
Native extension for WebGL target not found
Refreshing native plugins compatible for Editor in 1.20 ms, found 4 plugins.
Preloading 0 native plugins for Editor in 0.00 ms.
Mono: successfully reloaded assembly
- Completed reload, in  1.135 seconds
Domain Reload Profiling:
	ReloadAssembly (1136ms)
		BeginReloadAssembly (151ms)
			ExecutionOrderSort (0ms)
			DisableScriptedObjects (8ms)
			BackupInstance (0ms)
			ReleaseScriptingObjects (0ms)
			CreateAndSetChildDomain (36ms)
		EndReloadAssembly (874ms)
			LoadAssemblies (103ms)
			RebuildTransferFunctionScriptingTraits (0ms)
			SetupTypeCache (269ms)
			ReleaseScriptCaches (1ms)
			RebuildScriptCaches (62ms)
			SetupLoadedEditorAssemblies (394ms)
				LogAssemblyErrors (0ms)
				InitializePlatformSupportModulesInManaged (8ms)
				SetLoadedEditorAssemblies (1ms)
				RefreshPlugins (1ms)
				BeforeProcessingInitializeOnLoad (96ms)
				ProcessInitializeOnLoadAttributes (241ms)
				ProcessInitializeOnLoadMethodAttributes (37ms)
				AfterProcessingInitializeOnLoad (10ms)
				EditorAssembliesLoaded (0ms)
			ExecutionOrderSort2 (0ms)
			AwakeInstancesAfterBackupRestoration (7ms)
Platform modules already initialized, skipping
Refreshing native plugins compatible for Editor in 2.82 ms, found 4 plugins.
Preloading 0 native plugins for Editor in 0.00 ms.
Unloading 3785 Unused Serialized files (Serialized files now loaded: 0)
Unloading 28 unused Assets / (195.6 KB). Loaded Objects now: 4312.
Memory consumption went from 149.6 MB to 149.5 MB.
Total: 3.489800 ms (FindLiveObjects: 0.384900 ms CreateObjectMapping: 0.302300 ms MarkObjects: 2.561200 ms  DeleteObjects: 0.240500 ms)

AssetImportParameters requested are different than current active one (requested -> active):
  custom:video-decoder-ogg-theora: a1e56fd34408186e4bbccfd4996cb3dc -> 
  custom:container-muxer-webm: aa71ff27fc2769a1b78a27578f13a17b -> 
  custom:container-demuxer-webm: 4f35f7cbe854078d1ac9338744f61a02 -> 
  custom:video-encoder-webm-vp8: eb34c28f22e8b96e1ab97ce403110664 -> 
  custom:video-codec-MediaFoundation-h265: 746d11721c4dcdbdad8f713fa42b33f4 -> 
  custom:audio-encoder-webm-vorbis: bf7c407c2cedff20999df2af8eb42d56 -> 
  custom:framework-win-MediaFoundation: 216162199b28c13a410421893ffa2e32 -> 
  custom:container-demuxer-ogg: 62fdf1f143b41e24485cea50d1cbac27 -> 
  custom:video-decoder-webm-vp8: 9c59270c3fd7afecdb556c50c9e8de78 -> 
  custom:audio-decoder-ogg-vorbis: bf7c407c2cedff20999df2af8eb42d56 -> 
========================================================================
Received Prepare
Registering precompiled user dll's ...
Registered in 0.006699 seconds.
Begin MonoManager ReloadAssembly
Symbol file LoadedFromMemory doesn't match image C:\Users\user\Documents\GitHub\2D_UnityPractice\2D_Tutorial\Library\PackageCache\com.unity.visualscripting@1.8.0\Editor\VisualScripting.Core\Dependencies\YamlDotNet\Unity.VisualScripting.YamlDotNet.dll
Symbol file LoadedFromMemory doesn't match image C:\Users\user\Documents\GitHub\2D_UnityPractice\2D_Tutorial\Library\PackageCache\com.unity.visualscripting@1.8.0\Editor\VisualScripting.Core\Dependencies\DotNetZip\Unity.VisualScripting.IonicZip.dll
Native extension for WindowsStandalone target not found
Native extension for WebGL target not found
Refreshing native plugins compatible for Editor in 1.25 ms, found 4 plugins.
Preloading 0 native plugins for Editor in 0.00 ms.
Mono: successfully reloaded assembly
- Completed reload, in  1.169 seconds
Domain Reload Profiling:
	ReloadAssembly (1170ms)
		BeginReloadAssembly (148ms)
			ExecutionOrderSort (0ms)
			DisableScriptedObjects (8ms)
			BackupInstance (0ms)
			ReleaseScriptingObjects (0ms)
			CreateAndSetChildDomain (42ms)
		EndReloadAssembly (922ms)
			LoadAssemblies (94ms)
			RebuildTransferFunctionScriptingTraits (0ms)
			SetupTypeCache (315ms)
			ReleaseScriptCaches (2ms)
			RebuildScriptCaches (61ms)
			SetupLoadedEditorAssemblies (397ms)
				LogAssemblyErrors (0ms)
				InitializePlatformSupportModulesInManaged (8ms)
				SetLoadedEditorAssemblies (1ms)
				RefreshPlugins (1ms)
				BeforeProcessingInitializeOnLoad (92ms)
				ProcessInitializeOnLoadAttributes (245ms)
				ProcessInitializeOnLoadMethodAttributes (38ms)
				AfterProcessingInitializeOnLoad (11ms)
				EditorAssembliesLoaded (0ms)
			ExecutionOrderSort2 (0ms)
			AwakeInstancesAfterBackupRestoration (7ms)
Platform modules already initialized, skipping
Refreshing native plugins compatible for Editor in 3.25 ms, found 4 plugins.
Preloading 0 native plugins for Editor in 0.00 ms.
Unloading 3785 Unused Serialized files (Serialized files now loaded: 0)
Unloading 28 unused Assets / (195.5 KB). Loaded Objects now: 4315.
Memory consumption went from 149.7 MB to 149.5 MB.
Total: 3.264100 ms (FindLiveObjects: 0.365200 ms CreateObjectMapping: 0.261300 ms MarkObjects: 2.460000 ms  DeleteObjects: 0.176500 ms)

AssetImportParameters requested are different than current active one (requested -> active):
  custom:video-decoder-ogg-theora: a1e56fd34408186e4bbccfd4996cb3dc -> 
  custom:container-muxer-webm: aa71ff27fc2769a1b78a27578f13a17b -> 
  custom:container-demuxer-webm: 4f35f7cbe854078d1ac9338744f61a02 -> 
  custom:video-encoder-webm-vp8: eb34c28f22e8b96e1ab97ce403110664 -> 
  custom:video-codec-MediaFoundation-h265: 746d11721c4dcdbdad8f713fa42b33f4 -> 
  custom:audio-encoder-webm-vorbis: bf7c407c2cedff20999df2af8eb42d56 -> 
  custom:framework-win-MediaFoundation: 216162199b28c13a410421893ffa2e32 -> 
  custom:container-demuxer-ogg: 62fdf1f143b41e24485cea50d1cbac27 -> 
  custom:video-decoder-webm-vp8: 9c59270c3fd7afecdb556c50c9e8de78 -> 
  custom:audio-decoder-ogg-vorbis: bf7c407c2cedff20999df2af8eb42d56 -> 
========================================================================
Received Prepare
Registering precompiled user dll's ...
Registered in 0.006581 seconds.
Begin MonoManager ReloadAssembly
Symbol file LoadedFromMemory doesn't match image C:\Users\user\Documents\GitHub\2D_UnityPractice\2D_Tutorial\Library\PackageCache\com.unity.visualscripting@1.8.0\Editor\VisualScripting.Core\Dependencies\YamlDotNet\Unity.VisualScripting.YamlDotNet.dll
Symbol file LoadedFromMemory doesn't match image C:\Users\user\Documents\GitHub\2D_UnityPractice\2D_Tutorial\Library\PackageCache\com.unity.visualscripting@1.8.0\Editor\VisualScripting.Core\Dependencies\DotNetZip\Unity.VisualScripting.IonicZip.dll
Native extension for WindowsStandalone target not found
Native extension for WebGL target not found
Refreshing native plugins compatible for Editor in 0.75 ms, found 4 plugins.
Preloading 0 native plugins for Editor in 0.00 ms.
Mono: successfully reloaded assembly
- Completed reload, in  1.135 seconds
Domain Reload Profiling:
	ReloadAssembly (1136ms)
		BeginReloadAssembly (145ms)
			ExecutionOrderSort (0ms)
			DisableScriptedObjects (8ms)
			BackupInstance (0ms)
			ReleaseScriptingObjects (0ms)
			CreateAndSetChildDomain (35ms)
		EndReloadAssembly (894ms)
			LoadAssemblies (111ms)
			RebuildTransferFunctionScriptingTraits (0ms)
			SetupTypeCache (277ms)
			ReleaseScriptCaches (2ms)
			RebuildScriptCaches (59ms)
			SetupLoadedEditorAssemblies (392ms)
				LogAssemblyErrors (0ms)
				InitializePlatformSupportModulesInManaged (8ms)
				SetLoadedEditorAssemblies (1ms)
				RefreshPlugins (1ms)
				BeforeProcessingInitializeOnLoad (99ms)
				ProcessInitializeOnLoadAttributes (237ms)
				ProcessInitializeOnLoadMethodAttributes (35ms)
				AfterProcessingInitializeOnLoad (11ms)
				EditorAssembliesLoaded (0ms)
			ExecutionOrderSort2 (0ms)
			AwakeInstancesAfterBackupRestoration (8ms)
Platform modules already initialized, skipping
Refreshing native plugins compatible for Editor in 3.34 ms, found 4 plugins.
Preloading 0 native plugins for Editor in 0.00 ms.
Unloading 3785 Unused Serialized files (Serialized files now loaded: 0)
Unloading 28 unused Assets / (195.9 KB). Loaded Objects now: 4318.
Memory consumption went from 149.7 MB to 149.5 MB.
Total: 3.414100 ms (FindLiveObjects: 0.326500 ms CreateObjectMapping: 0.293200 ms MarkObjects: 2.618900 ms  DeleteObjects: 0.174600 ms)

AssetImportParameters requested are different than current active one (requested -> active):
  custom:video-decoder-ogg-theora: a1e56fd34408186e4bbccfd4996cb3dc -> 
  custom:container-muxer-webm: aa71ff27fc2769a1b78a27578f13a17b -> 
  custom:container-demuxer-webm: 4f35f7cbe854078d1ac9338744f61a02 -> 
  custom:video-encoder-webm-vp8: eb34c28f22e8b96e1ab97ce403110664 -> 
  custom:video-codec-MediaFoundation-h265: 746d11721c4dcdbdad8f713fa42b33f4 -> 
  custom:audio-encoder-webm-vorbis: bf7c407c2cedff20999df2af8eb42d56 -> 
  custom:framework-win-MediaFoundation: 216162199b28c13a410421893ffa2e32 -> 
  custom:container-demuxer-ogg: 62fdf1f143b41e24485cea50d1cbac27 -> 
  custom:video-decoder-webm-vp8: 9c59270c3fd7afecdb556c50c9e8de78 -> 
  custom:audio-decoder-ogg-vorbis: bf7c407c2cedff20999df2af8eb42d56 -> 
========================================================================
Received Prepare
Registering precompiled user dll's ...
Registered in 0.007711 seconds.
Begin MonoManager ReloadAssembly
Symbol file LoadedFromMemory doesn't match image C:\Users\user\Documents\GitHub\2D_UnityPractice\2D_Tutorial\Library\PackageCache\com.unity.visualscripting@1.8.0\Editor\VisualScripting.Core\Dependencies\YamlDotNet\Unity.VisualScripting.YamlDotNet.dll
Symbol file LoadedFromMemory doesn't match image C:\Users\user\Documents\GitHub\2D_UnityPractice\2D_Tutorial\Library\PackageCache\com.unity.visualscripting@1.8.0\Editor\VisualScripting.Core\Dependencies\DotNetZip\Unity.VisualScripting.IonicZip.dll
Native extension for WindowsStandalone target not found
Native extension for WebGL target not found
Refreshing native plugins compatible for Editor in 0.91 ms, found 4 plugins.
Preloading 0 native plugins for Editor in 0.00 ms.
Mono: successfully reloaded assembly
- Completed reload, in  1.300 seconds
Domain Reload Profiling:
	ReloadAssembly (1301ms)
		BeginReloadAssembly (202ms)
			ExecutionOrderSort (0ms)
			DisableScriptedObjects (10ms)
			BackupInstance (0ms)
			ReleaseScriptingObjects (0ms)
			CreateAndSetChildDomain (59ms)
		EndReloadAssembly (974ms)
			LoadAssemblies (135ms)
			RebuildTransferFunctionScriptingTraits (0ms)
			SetupTypeCache (320ms)
			ReleaseScriptCaches (2ms)
			RebuildScriptCaches (67ms)
			SetupLoadedEditorAssemblies (424ms)
				LogAssemblyErrors (0ms)
				InitializePlatformSupportModulesInManaged (8ms)
				SetLoadedEditorAssemblies (0ms)
				RefreshPlugins (1ms)
				BeforeProcessingInitializeOnLoad (118ms)
				ProcessInitializeOnLoadAttributes (248ms)
				ProcessInitializeOnLoadMethodAttributes (37ms)
				AfterProcessingInitializeOnLoad (12ms)
				EditorAssembliesLoaded (0ms)
			ExecutionOrderSort2 (0ms)
			AwakeInstancesAfterBackupRestoration (9ms)
Platform modules already initialized, skipping
Refreshing native plugins compatible for Editor in 4.24 ms, found 4 plugins.
Preloading 0 native plugins for Editor in 0.00 ms.
Unloading 3795 Unused Serialized files (Serialized files now loaded: 0)
Unloading 28 unused Assets / (195.6 KB). Loaded Objects now: 4331.
Memory consumption went from 149.9 MB to 149.7 MB.
Total: 3.361400 ms (FindLiveObjects: 0.404900 ms CreateObjectMapping: 0.302100 ms MarkObjects: 2.496300 ms  DeleteObjects: 0.156800 ms)

AssetImportParameters requested are different than current active one (requested -> active):
  custom:video-decoder-ogg-theora: a1e56fd34408186e4bbccfd4996cb3dc -> 
  custom:container-muxer-webm: aa71ff27fc2769a1b78a27578f13a17b -> 
  custom:container-demuxer-webm: 4f35f7cbe854078d1ac9338744f61a02 -> 
  custom:video-encoder-webm-vp8: eb34c28f22e8b96e1ab97ce403110664 -> 
  custom:video-codec-MediaFoundation-h265: 746d11721c4dcdbdad8f713fa42b33f4 -> 
  custom:audio-encoder-webm-vorbis: bf7c407c2cedff20999df2af8eb42d56 -> 
  custom:framework-win-MediaFoundation: 216162199b28c13a410421893ffa2e32 -> 
  custom:container-demuxer-ogg: 62fdf1f143b41e24485cea50d1cbac27 -> 
  custom:video-decoder-webm-vp8: 9c59270c3fd7afecdb556c50c9e8de78 -> 
  custom:audio-decoder-ogg-vorbis: bf7c407c2cedff20999df2af8eb42d56 -> 
========================================================================
Received Prepare
Registering precompiled user dll's ...
Registered in 0.006491 seconds.
Begin MonoManager ReloadAssembly
Symbol file LoadedFromMemory doesn't match image C:\Users\user\Documents\GitHub\2D_UnityPractice\2D_Tutorial\Library\PackageCache\com.unity.visualscripting@1.8.0\Editor\VisualScripting.Core\Dependencies\YamlDotNet\Unity.VisualScripting.YamlDotNet.dll
Symbol file LoadedFromMemory doesn't match image C:\Users\user\Documents\GitHub\2D_UnityPractice\2D_Tutorial\Library\PackageCache\com.unity.visualscripting@1.8.0\Editor\VisualScripting.Core\Dependencies\DotNetZip\Unity.VisualScripting.IonicZip.dll
Native extension for WindowsStandalone target not found
Native extension for WebGL target not found
Refreshing native plugins compatible for Editor in 0.94 ms, found 4 plugins.
Preloading 0 native plugins for Editor in 0.00 ms.
Mono: successfully reloaded assembly
- Completed reload, in  1.098 seconds
Domain Reload Profiling:
	ReloadAssembly (1098ms)
		BeginReloadAssembly (160ms)
			ExecutionOrderSort (0ms)
			DisableScriptedObjects (8ms)
			BackupInstance (0ms)
			ReleaseScriptingObjects (0ms)
			CreateAndSetChildDomain (33ms)
		EndReloadAssembly (815ms)
			LoadAssemblies (120ms)
			RebuildTransferFunctionScriptingTraits (0ms)
			SetupTypeCache (246ms)
			ReleaseScriptCaches (2ms)
			RebuildScriptCaches (55ms)
			SetupLoadedEditorAssemblies (366ms)
				LogAssemblyErrors (0ms)
				InitializePlatformSupportModulesInManaged (9ms)
				SetLoadedEditorAssemblies (0ms)
				RefreshPlugins (1ms)
				BeforeProcessingInitializeOnLoad (91ms)
				ProcessInitializeOnLoadAttributes (223ms)
				ProcessInitializeOnLoadMethodAttributes (32ms)
				AfterProcessingInitializeOnLoad (9ms)
				EditorAssembliesLoaded (0ms)
			ExecutionOrderSort2 (0ms)
			AwakeInstancesAfterBackupRestoration (7ms)
Platform modules already initialized, skipping
Refreshing native plugins compatible for Editor in 2.34 ms, found 4 plugins.
Preloading 0 native plugins for Editor in 0.00 ms.
Unloading 3792 Unused Serialized files (Serialized files now loaded: 0)
Unloading 31 unused Assets / (195.8 KB). Loaded Objects now: 4331.
Memory consumption went from 149.9 MB to 149.7 MB.
Total: 3.799200 ms (FindLiveObjects: 0.392300 ms CreateObjectMapping: 0.323500 ms MarkObjects: 2.932800 ms  DeleteObjects: 0.149600 ms)

AssetImportParameters requested are different than current active one (requested -> active):
  custom:video-decoder-ogg-theora: a1e56fd34408186e4bbccfd4996cb3dc -> 
  custom:container-muxer-webm: aa71ff27fc2769a1b78a27578f13a17b -> 
  custom:container-demuxer-webm: 4f35f7cbe854078d1ac9338744f61a02 -> 
  custom:video-encoder-webm-vp8: eb34c28f22e8b96e1ab97ce403110664 -> 
  custom:video-codec-MediaFoundation-h265: 746d11721c4dcdbdad8f713fa42b33f4 -> 
  custom:audio-encoder-webm-vorbis: bf7c407c2cedff20999df2af8eb42d56 -> 
  custom:framework-win-MediaFoundation: 216162199b28c13a410421893ffa2e32 -> 
  custom:container-demuxer-ogg: 62fdf1f143b41e24485cea50d1cbac27 -> 
  custom:video-decoder-webm-vp8: 9c59270c3fd7afecdb556c50c9e8de78 -> 
  custom:audio-decoder-ogg-vorbis: bf7c407c2cedff20999df2af8eb42d56 -> 
========================================================================
Received Import Request.
  Time since last request: 1082.895496 seconds.
  path: Assets/KrishnaPalacio/MINIFANTASY - Dungeon/Tile Palettes/Ground
  artifactKey: Guid(b82f6948b5c66f34aa39c6f08746343a) Importer(815301076,1909f56bfc062723c751e8b465ee728b)
Start importing Assets/KrishnaPalacio/MINIFANTASY - Dungeon/Tile Palettes/Ground using Guid(b82f6948b5c66f34aa39c6f08746343a) Importer(815301076,1909f56bfc062723c751e8b465ee728b)  -> (artifact id: '193f2e09b4d56bec397b563eb61a70c5') in 0.011153 seconds 
========================================================================
Received Import Request.
  Time since last request: 0.203499 seconds.
  path: Assets/KrishnaPalacio/MINIFANTASY - Dungeon/Tile Palettes/Ground/DUN Ground.prefab
  artifactKey: Guid(6a6781ae92da1a143a75d22d323f21e4) Importer(815301076,1909f56bfc062723c751e8b465ee728b)
Start importing Assets/KrishnaPalacio/MINIFANTASY - Dungeon/Tile Palettes/Ground/DUN Ground.prefab using Guid(6a6781ae92da1a143a75d22d323f21e4) Importer(815301076,1909f56bfc062723c751e8b465ee728b)  -> (artifact id: 'd204033a4b60a1195a26c03d01eb04d1') in 0.102344 seconds 
========================================================================
Received Import Request.
  Time since last request: 0.000024 seconds.
  path: Assets/KrishnaPalacio/MINIFANTASY - Dungeon/Tile Palettes/Ground/FloorTiles_2.asset
  artifactKey: Guid(3d917370e336dd1489d4d5d8b716cdd8) Importer(815301076,1909f56bfc062723c751e8b465ee728b)
Start importing Assets/KrishnaPalacio/MINIFANTASY - Dungeon/Tile Palettes/Ground/FloorTiles_2.asset using Guid(3d917370e336dd1489d4d5d8b716cdd8) Importer(815301076,1909f56bfc062723c751e8b465ee728b)  -> (artifact id: 'b7e32bad2d05bb8f28812881340a01be') in 0.020875 seconds 
========================================================================
Received Import Request.
  Time since last request: 0.000024 seconds.
  path: Assets/KrishnaPalacio/MINIFANTASY - Dungeon/Tile Palettes/Ground/FloorTiles_8.asset
  artifactKey: Guid(a6c438036e51d7c4fb0d93c81344237f) Importer(815301076,1909f56bfc062723c751e8b465ee728b)
Start importing Assets/KrishnaPalacio/MINIFANTASY - Dungeon/Tile Palettes/Ground/FloorTiles_8.asset using Guid(a6c438036e51d7c4fb0d93c81344237f) Importer(815301076,1909f56bfc062723c751e8b465ee728b)  -> (artifact id: 'f2cb79c45e3503a63b9aa904f54a2f5e') in 0.012256 seconds 
========================================================================
Received Import Request.
  Time since last request: 0.000040 seconds.
  path: Assets/KrishnaPalacio/MINIFANTASY - Dungeon/Tile Palettes/Ground/FloorTiles_4.asset
  artifactKey: Guid(08df795d2499ab146952f0684d8b9cdc) Importer(815301076,1909f56bfc062723c751e8b465ee728b)
Start importing Assets/KrishnaPalacio/MINIFANTASY - Dungeon/Tile Palettes/Ground/FloorTiles_4.asset using Guid(08df795d2499ab146952f0684d8b9cdc) Importer(815301076,1909f56bfc062723c751e8b465ee728b)  -> (artifact id: 'e8e42a91941e4d9c8a0ac7eddc511e8d') in 0.016174 seconds 
========================================================================
Received Import Request.
  Time since last request: 0.000028 seconds.
  path: Assets/KrishnaPalacio/MINIFANTASY - Dungeon/Tile Palettes/Ground/FloorTiles_5.asset
  artifactKey: Guid(1aa0a7d257a82624b966271f144e7a02) Importer(815301076,1909f56bfc062723c751e8b465ee728b)
Start importing Assets/KrishnaPalacio/MINIFANTASY - Dungeon/Tile Palettes/Ground/FloorTiles_5.asset using Guid(1aa0a7d257a82624b966271f144e7a02) Importer(815301076,1909f56bfc062723c751e8b465ee728b)  -> (artifact id: '231757bd17ebb9b8f8168024a00635e0') in 0.014227 seconds 
========================================================================
Received Import Request.
  Time since last request: 0.000018 seconds.
  path: Assets/KrishnaPalacio/MINIFANTASY - Dungeon/Tile Palettes/Ground/FloorTiles_1.asset
  artifactKey: Guid(3cd5b002dfd81ea4c99ab52383c9a07d) Importer(815301076,1909f56bfc062723c751e8b465ee728b)
Start importing Assets/KrishnaPalacio/MINIFANTASY - Dungeon/Tile Palettes/Ground/FloorTiles_1.asset using Guid(3cd5b002dfd81ea4c99ab52383c9a07d) Importer(815301076,1909f56bfc062723c751e8b465ee728b)  -> (artifact id: '924163187f39d62a0ea5fe766ad1f2d0') in 0.015743 seconds 
========================================================================
Received Import Request.
  Time since last request: 0.000018 seconds.
  path: Assets/KrishnaPalacio/MINIFANTASY - Dungeon/Tile Palettes/Ground/FloorTilesExtra.asset
  artifactKey: Guid(ce8970402034b5c41851cb3b5e7a3036) Importer(815301076,1909f56bfc062723c751e8b465ee728b)
Start importing Assets/KrishnaPalacio/MINIFANTASY - Dungeon/Tile Palettes/Ground/FloorTilesExtra.asset using Guid(ce8970402034b5c41851cb3b5e7a3036) Importer(815301076,1909f56bfc062723c751e8b465ee728b)  -> (artifact id: 'c5b244b540bebdb2bc33db8e11409bf3') in 0.015165 seconds 
========================================================================
Received Import Request.
  Time since last request: 2.335095 seconds.
  path: Assets/KrishnaPalacio/MINIFANTASY - Dungeon/Tile Palettes/RuleTiles/DUN Rule Tiles.prefab
  artifactKey: Guid(0727e854e691beb41813e57256803b51) Importer(815301076,1909f56bfc062723c751e8b465ee728b)
Start importing Assets/KrishnaPalacio/MINIFANTASY - Dungeon/Tile Palettes/RuleTiles/DUN Rule Tiles.prefab using Guid(0727e854e691beb41813e57256803b51) Importer(815301076,1909f56bfc062723c751e8b465ee728b)  -> (artifact id: '1f1cfac82e1c34dfa269a5f2cc01067e') in 0.020481 seconds 
========================================================================
Received Import Request.
  Time since last request: 1.203438 seconds.
  path: Assets/KrishnaPalacio/MINIFANTASY - Dungeon/Tile Palettes/Walls/CliffTiles_0.asset
  artifactKey: Guid(9ebd7aad1ec095149b1361d062c4c6c6) Importer(815301076,1909f56bfc062723c751e8b465ee728b)
Start importing Assets/KrishnaPalacio/MINIFANTASY - Dungeon/Tile Palettes/Walls/CliffTiles_0.asset using Guid(9ebd7aad1ec095149b1361d062c4c6c6) Importer(815301076,1909f56bfc062723c751e8b465ee728b)  -> (artifact id: 'db9e0f41aec3fdfb6e34f2c72f9a1550') in 0.012153 seconds 
========================================================================
Received Import Request.
  Time since last request: 0.000022 seconds.
  path: Assets/KrishnaPalacio/MINIFANTASY - Dungeon/Tile Palettes/Walls/WallTiles_8.asset
  artifactKey: Guid(2d481ae8d55b6f54687963424046b17a) Importer(815301076,1909f56bfc062723c751e8b465ee728b)
Start importing Assets/KrishnaPalacio/MINIFANTASY - Dungeon/Tile Palettes/Walls/WallTiles_8.asset using Guid(2d481ae8d55b6f54687963424046b17a) Importer(815301076,1909f56bfc062723c751e8b465ee728b)  -> (artifact id: '974f8ff35ffcf71be930102d438c3b4d') in 0.019090 seconds 
========================================================================
Received Import Request.
  Time since last request: 0.000037 seconds.
  path: Assets/KrishnaPalacio/MINIFANTASY - Dungeon/Tile Palettes/Walls/WallTilesetShadows_5.asset
  artifactKey: Guid(1e3402a01744fa9448bd73003db54404) Importer(815301076,1909f56bfc062723c751e8b465ee728b)
Start importing Assets/KrishnaPalacio/MINIFANTASY - Dungeon/Tile Palettes/Walls/WallTilesetShadows_5.asset using Guid(1e3402a01744fa9448bd73003db54404) Importer(815301076,1909f56bfc062723c751e8b465ee728b)  -> (artifact id: '1913f10f6ea477eed9bdd31d975fbcec') in 0.017893 seconds 
========================================================================
Received Import Request.
  Time since last request: 0.000027 seconds.
  path: Assets/KrishnaPalacio/MINIFANTASY - Dungeon/Tile Palettes/Walls/WallTiles_12.asset
  artifactKey: Guid(47bacd4da9cabc541bbdbb1a5d161270) Importer(815301076,1909f56bfc062723c751e8b465ee728b)
Start importing Assets/KrishnaPalacio/MINIFANTASY - Dungeon/Tile Palettes/Walls/WallTiles_12.asset using Guid(47bacd4da9cabc541bbdbb1a5d161270) Importer(815301076,1909f56bfc062723c751e8b465ee728b)  -> (artifact id: 'cfd571b639ad5febfc35b07a58f65376') in 0.014574 seconds 
========================================================================
Received Import Request.
  Time since last request: 0.000031 seconds.
  path: Assets/KrishnaPalacio/MINIFANTASY - Dungeon/Tile Palettes/Walls/WallTilesetShadows_3.asset
  artifactKey: Guid(28a0654bc3a1a8940a0d5d04debe8ae0) Importer(815301076,1909f56bfc062723c751e8b465ee728b)
Start importing Assets/KrishnaPalacio/MINIFANTASY - Dungeon/Tile Palettes/Walls/WallTilesetShadows_3.asset using Guid(28a0654bc3a1a8940a0d5d04debe8ae0) Importer(815301076,1909f56bfc062723c751e8b465ee728b)  -> (artifact id: '15486b78e9b47f63f3cbbba0e2b872fa') in 0.014497 seconds 
========================================================================
Received Import Request.
  Time since last request: 0.000039 seconds.
  path: Assets/KrishnaPalacio/MINIFANTASY - Dungeon/Tile Palettes/Walls/WallTiles_23.asset
  artifactKey: Guid(99c19ad395867cb4f9e547d0a7de13c9) Importer(815301076,1909f56bfc062723c751e8b465ee728b)
Start importing Assets/KrishnaPalacio/MINIFANTASY - Dungeon/Tile Palettes/Walls/WallTiles_23.asset using Guid(99c19ad395867cb4f9e547d0a7de13c9) Importer(815301076,1909f56bfc062723c751e8b465ee728b)  -> (artifact id: 'c5230f2d9894e0750ca12439850e907e') in 0.016261 seconds 
========================================================================
Received Import Request.
  Time since last request: 0.000027 seconds.
  path: Assets/KrishnaPalacio/MINIFANTASY - Dungeon/Tile Palettes/Walls/WallTilesetShadows_8.asset
  artifactKey: Guid(d8912d99326fa234398d45f11676c7b9) Importer(815301076,1909f56bfc062723c751e8b465ee728b)
Start importing Assets/KrishnaPalacio/MINIFANTASY - Dungeon/Tile Palettes/Walls/WallTilesetShadows_8.asset using Guid(d8912d99326fa234398d45f11676c7b9) Importer(815301076,1909f56bfc062723c751e8b465ee728b)  -> (artifact id: '26f82926a53e16cae343779d0593c92a') in 0.023817 seconds 
========================================================================
Received Import Request.
  Time since last request: 0.000034 seconds.
  path: Assets/KrishnaPalacio/MINIFANTASY - Dungeon/Tile Palettes/Walls/WallTiles_15.asset
  artifactKey: Guid(83ddd4a5f825bae488add127f19aad5a) Importer(815301076,1909f56bfc062723c751e8b465ee728b)
Start importing Assets/KrishnaPalacio/MINIFANTASY - Dungeon/Tile Palettes/Walls/WallTiles_15.asset using Guid(83ddd4a5f825bae488add127f19aad5a) Importer(815301076,1909f56bfc062723c751e8b465ee728b)  -> (artifact id: '61d8aeaeebef1d4bdfba80919adf8451') in 0.014396 seconds 
========================================================================
Received Import Request.
  Time since last request: 0.000034 seconds.
  path: Assets/KrishnaPalacio/MINIFANTASY - Dungeon/Tile Palettes/Walls/WallTilesetShadows_9.asset
  artifactKey: Guid(121d4998637a086438b66a1f9616f1c1) Importer(815301076,1909f56bfc062723c751e8b465ee728b)
Start importing Assets/KrishnaPalacio/MINIFANTASY - Dungeon/Tile Palettes/Walls/WallTilesetShadows_9.asset using Guid(121d4998637a086438b66a1f9616f1c1) Importer(815301076,1909f56bfc062723c751e8b465ee728b)  -> (artifact id: 'a2d4524856c0584d110b9c7eaf110a70') in 0.016131 seconds 
========================================================================
Received Import Request.
  Time since last request: 0.000022 seconds.
  path: Assets/KrishnaPalacio/MINIFANTASY - Dungeon/Tile Palettes/Walls/WallTilesetShadows_7.asset
  artifactKey: Guid(57fc72d196d79a943a53140b7129801b) Importer(815301076,1909f56bfc062723c751e8b465ee728b)
Start importing Assets/KrishnaPalacio/MINIFANTASY - Dungeon/Tile Palettes/Walls/WallTilesetShadows_7.asset using Guid(57fc72d196d79a943a53140b7129801b) Importer(815301076,1909f56bfc062723c751e8b465ee728b)  -> (artifact id: 'e7ec7104c767a5cbabe4fce2470fd5fc') in 0.020841 seconds 
========================================================================
Received Import Request.
  Time since last request: 0.000024 seconds.
  path: Assets/KrishnaPalacio/MINIFANTASY - Dungeon/Tile Palettes/Walls/WallTiles_28.asset
  artifactKey: Guid(6870e44c26467be4382ac5b0e6cc4600) Importer(815301076,1909f56bfc062723c751e8b465ee728b)
Start importing Assets/KrishnaPalacio/MINIFANTASY - Dungeon/Tile Palettes/Walls/WallTiles_28.asset using Guid(6870e44c26467be4382ac5b0e6cc4600) Importer(815301076,1909f56bfc062723c751e8b465ee728b)  -> (artifact id: 'cf79774eb0a4d214651d6c5af0b9d291') in 0.016312 seconds 
========================================================================
Received Import Request.
  Time since last request: 0.000036 seconds.
  path: Assets/KrishnaPalacio/MINIFANTASY - Dungeon/Tile Palettes/Walls/RedWall_WallTiles_30.asset
  artifactKey: Guid(9c4a23647e7b44e46ad6df501927b362) Importer(815301076,1909f56bfc062723c751e8b465ee728b)
Start importing Assets/KrishnaPalacio/MINIFANTASY - Dungeon/Tile Palettes/Walls/RedWall_WallTiles_30.asset using Guid(9c4a23647e7b44e46ad6df501927b362) Importer(815301076,1909f56bfc062723c751e8b465ee728b)  -> (artifact id: '5e42a71229b85674a0cdaae2d4dadada') in 0.013879 seconds 
========================================================================
Received Import Request.
  Time since last request: 0.000056 seconds.
  path: Assets/KrishnaPalacio/MINIFANTASY - Dungeon/Tile Palettes/Walls/WallTiles_3.asset
  artifactKey: Guid(e2f9e38f7d0d3284fb486bc5829881aa) Importer(815301076,1909f56bfc062723c751e8b465ee728b)
Start importing Assets/KrishnaPalacio/MINIFANTASY - Dungeon/Tile Palettes/Walls/WallTiles_3.asset using Guid(e2f9e38f7d0d3284fb486bc5829881aa) Importer(815301076,1909f56bfc062723c751e8b465ee728b)  -> (artifact id: 'ae9ce22990e77c98e07fe3fa41a7c8a3') in 0.013608 seconds 
========================================================================
Received Import Request.
  Time since last request: 0.000029 seconds.
  path: Assets/KrishnaPalacio/MINIFANTASY - Dungeon/Tile Palettes/Walls/WallTiles_25.asset
  artifactKey: Guid(815300a83d409de40a6bebeca4a10909) Importer(815301076,1909f56bfc062723c751e8b465ee728b)
Start importing Assets/KrishnaPalacio/MINIFANTASY - Dungeon/Tile Palettes/Walls/WallTiles_25.asset using Guid(815300a83d409de40a6bebeca4a10909) Importer(815301076,1909f56bfc062723c751e8b465ee728b)  -> (artifact id: '5e44f0b9d3643d80775ec6d966600ee8') in 0.014889 seconds 
========================================================================
Received Import Request.
  Time since last request: 0.000021 seconds.
  path: Assets/KrishnaPalacio/MINIFANTASY - Dungeon/Tile Palettes/Walls/WallTiles_11.asset
  artifactKey: Guid(bcee8185945c8b641b9bc83a98c63acf) Importer(815301076,1909f56bfc062723c751e8b465ee728b)
Start importing Assets/KrishnaPalacio/MINIFANTASY - Dungeon/Tile Palettes/Walls/WallTiles_11.asset using Guid(bcee8185945c8b641b9bc83a98c63acf) Importer(815301076,1909f56bfc062723c751e8b465ee728b)  -> (artifact id: 'e67b338603e817a868c7f93579a7ff35') in 0.013433 seconds 
========================================================================
Received Import Request.
  Time since last request: 0.000019 seconds.
  path: Assets/KrishnaPalacio/MINIFANTASY - Dungeon/Tile Palettes/Walls/WallTiles_16.asset
  artifactKey: Guid(88d285df6cee4a944bd252d5dd3c403c) Importer(815301076,1909f56bfc062723c751e8b465ee728b)
Start importing Assets/KrishnaPalacio/MINIFANTASY - Dungeon/Tile Palettes/Walls/WallTiles_16.asset using Guid(88d285df6cee4a944bd252d5dd3c403c) Importer(815301076,1909f56bfc062723c751e8b465ee728b)  -> (artifact id: 'a96e2d414a34b7f716b311873ced64e0') in 0.020631 seconds 
========================================================================
Received Import Request.
  Time since last request: 0.000027 seconds.
  path: Assets/KrishnaPalacio/MINIFANTASY - Dungeon/Tile Palettes/Walls/WallTiles_14.asset
  artifactKey: Guid(50ec3fc3dee3c5a4589d8f16e6a6b02a) Importer(815301076,1909f56bfc062723c751e8b465ee728b)
Start importing Assets/KrishnaPalacio/MINIFANTASY - Dungeon/Tile Palettes/Walls/WallTiles_14.asset using Guid(50ec3fc3dee3c5a4589d8f16e6a6b02a) Importer(815301076,1909f56bfc062723c751e8b465ee728b)  -> (artifact id: '27a02542fde1237fb8cfd93f02390438') in 0.013351 seconds 
========================================================================
Received Import Request.
  Time since last request: 0.000024 seconds.
  path: Assets/KrishnaPalacio/MINIFANTASY - Dungeon/Tile Palettes/Walls/WallTiles_21.asset
  artifactKey: Guid(8e23a59d9871196429518e7e515c4a13) Importer(815301076,1909f56bfc062723c751e8b465ee728b)
Start importing Assets/KrishnaPalacio/MINIFANTASY - Dungeon/Tile Palettes/Walls/WallTiles_21.asset using Guid(8e23a59d9871196429518e7e515c4a13) Importer(815301076,1909f56bfc062723c751e8b465ee728b)  -> (artifact id: '22e7cb5bffb830789d8f7b0d8205b4ab') in 0.013685 seconds 
========================================================================
Received Import Request.
  Time since last request: 0.000031 seconds.
  path: Assets/KrishnaPalacio/MINIFANTASY - Dungeon/Tile Palettes/Walls/WallTiles_24.asset
  artifactKey: Guid(852852214524a914caf42f3f913c0b2b) Importer(815301076,1909f56bfc062723c751e8b465ee728b)
Start importing Assets/KrishnaPalacio/MINIFANTASY - Dungeon/Tile Palettes/Walls/WallTiles_24.asset using Guid(852852214524a914caf42f3f913c0b2b) Importer(815301076,1909f56bfc062723c751e8b465ee728b)  -> (artifact id: 'fdbc01afee14754264b27f11297a7977') in 0.015303 seconds 
========================================================================
Received Import Request.
  Time since last request: 0.000019 seconds.
  path: Assets/KrishnaPalacio/MINIFANTASY - Dungeon/Tile Palettes/Walls/WallTiles_1.asset
  artifactKey: Guid(4b6030bd78968c843b7eda9743c772b1) Importer(815301076,1909f56bfc062723c751e8b465ee728b)
Start importing Assets/KrishnaPalacio/MINIFANTASY - Dungeon/Tile Palettes/Walls/WallTiles_1.asset using Guid(4b6030bd78968c843b7eda9743c772b1) Importer(815301076,1909f56bfc062723c751e8b465ee728b)  -> (artifact id: 'ddd1d727d648a5589120dfb55ea1bbb7') in 0.012316 seconds 
Editor requested this worker to shutdown with reason: Scaling down because of idle timeout
AssetImportWorker is now disconnected from the server
Process exiting
Exiting without the bug reporter. Application will terminate with return code 0